<?xml version="1.0" encoding="UTF-8"?>
<testng-results total="1" passed="1" failed="0" skipped="0">
  <reporter-output>
  </reporter-output>
  <suite started-at="2019-02-21T04:40:35Z" name="Default suite" finished-at="2019-02-21T04:40:58Z" duration-ms="23075">
    <groups>
    </groups>
    <test started-at="2019-02-21T04:40:35Z" name="Default test" finished-at="2019-02-21T04:40:58Z" duration-ms="23075">
      <class name="eCommerceLive.TestCase6">
        <test-method is-config="true" signature="setUp()[pri:0, instance:eCommerceLive.TestCase6@8c3b9d]" started-at="2019-02-21T10:10:35Z" name="setUp" finished-at="2019-02-21T10:10:42Z" duration-ms="6898" status="PASS">
          <reporter-output>
          </reporter-output>
        </test-method> <!-- setUp -->
        <test-method signature="testTestCase5()[pri:0, instance:eCommerceLive.TestCase6@8c3b9d]" started-at="2019-02-21T10:10:42Z" name="testTestCase5" finished-at="2019-02-21T10:10:58Z" duration-ms="16164" status="PASS">
          <reporter-output>
          </reporter-output>
        </test-method> <!-- testTestCase5 -->
      </class> <!-- eCommerceLive.TestCase6 -->
    </test> <!-- Default test -->
  </suite> <!-- Default suite -->
</testng-results>
